<?xml version="1.0" encoding="UTF-8"?>
<!-- Generated by org.testng.reporters.JUnitReportReporter -->
<testsuite hostname="SA-LT-H4TVL84" failures="0" tests="4" name="com.newgen.testng.Annotations" time="0.031" errors="0" timestamp="2026-02-12T09:19:03 IST" skipped="0">
  <testcase classname="com.newgen.testng.Annotations" name="test01" time="0.002"/>
  <testcase classname="com.newgen.testng.Annotations" name="test01" time="0.007"/>
  <testcase classname="com.newgen.testng.Annotations" name="write" time="0.002"/>
  <testcase classname="com.newgen.testng.Annotations" name="show" time="0.020"/>
</testsuite> <!-- com.newgen.testng.Annotations -->
