<?xml version="1.0" encoding="UTF-8"?>
<!-- Generated by org.testng.reporters.JUnitReportReporter -->
<testsuite hostname="SA-LT-H4TVL84" failures="0" tests="4" name="com.newgen.testng.DataProviderAnnotation" time="0.013" errors="0" timestamp="2026-02-12T09:19:03 IST" skipped="0">
  <testcase classname="com.newgen.testng.DataProviderAnnotation" name="Seema" time="0.002"/>
  <testcase classname="com.newgen.testng.DataProviderAnnotation" name="Nisha" time="0.007"/>
  <testcase classname="com.newgen.testng.DataProviderAnnotation" name="Nisha" time="0.002"/>
  <testcase classname="com.newgen.testng.DataProviderAnnotation" name="Nisha" time="0.002"/>
</testsuite> <!-- com.newgen.testng.DataProviderAnnotation -->
