<?xml version="1.0" encoding="UTF-8"?>
<testng-results ignored="0" total="8" passed="8" failed="0" skipped="0">
  <reporter-output>
  </reporter-output>
  <suite started-at="2026-02-12T09:19:03 IST" name="Suite3" finished-at="2026-02-12T09:19:03 IST" duration-ms="152">
    <groups>
    </groups>
    <test started-at="2026-02-12T09:19:03 IST" name="Test3" finished-at="2026-02-12T09:19:03 IST" duration-ms="152">
      <class name="com.newgen.testng.DataProviderAnnotation">
        <test-method signature="Nisha(java.lang.Integer,java.lang.String,char)[pri:0, instance:com.newgen.testng.DataProviderAnnotation@815b41f]" started-at="2026-02-12T09:19:03 IST" name="Nisha" data-provider="cat1" finished-at="2026-02-12T09:19:03 IST" duration-ms="7" status="PASS">
          <params>
            <param index="0">
              <value>
                <![CDATA[2]]>
              </value>
            </param>
            <param index="1">
              <value>
                <![CDATA[a]]>
              </value>
            </param>
            <param index="2">
              <value>
                <![CDATA[b]]>
              </value>
            </param>
          </params>
          <reporter-output>
          </reporter-output>
        </test-method> <!-- Nisha -->
        <test-method signature="Nisha(java.lang.Integer,java.lang.String,char)[pri:0, instance:com.newgen.testng.DataProviderAnnotation@815b41f]" started-at="2026-02-12T09:19:03 IST" name="Nisha" data-provider="cat1" finished-at="2026-02-12T09:19:03 IST" duration-ms="2" status="PASS">
          <params>
            <param index="0">
              <value>
                <![CDATA[5]]>
              </value>
            </param>
            <param index="1">
              <value>
                <![CDATA[c]]>
              </value>
            </param>
            <param index="2">
              <value>
                <![CDATA[v]]>
              </value>
            </param>
          </params>
          <reporter-output>
          </reporter-output>
        </test-method> <!-- Nisha -->
        <test-method signature="Nisha(java.lang.Integer,java.lang.String,char)[pri:0, instance:com.newgen.testng.DataProviderAnnotation@815b41f]" started-at="2026-02-12T09:19:03 IST" name="Nisha" data-provider="cat1" finished-at="2026-02-12T09:19:03 IST" duration-ms="2" status="PASS">
          <params>
            <param index="0">
              <value>
                <![CDATA[6]]>
              </value>
            </param>
            <param index="1">
              <value>
                <![CDATA[d]]>
              </value>
            </param>
            <param index="2">
              <value>
                <![CDATA[g]]>
              </value>
            </param>
          </params>
          <reporter-output>
          </reporter-output>
        </test-method> <!-- Nisha -->
        <test-method signature="Seema(java.lang.String)[pri:0, instance:com.newgen.testng.DataProviderAnnotation@815b41f]" started-at="2026-02-12T09:19:03 IST" name="Seema" data-provider="datasupply" finished-at="2026-02-12T09:19:03 IST" duration-ms="2" status="PASS">
          <params>
            <param index="0">
              <value>
                <![CDATA[Chanda]]>
              </value>
            </param>
          </params>
          <reporter-output>
          </reporter-output>
        </test-method> <!-- Seema -->
      </class> <!-- com.newgen.testng.DataProviderAnnotation -->
      <class name="com.newgen.testng.Annotations">
        <test-method is-config="true" signature="setup()[pri:0, instance:com.newgen.testng.Annotations@327514f]" started-at="2026-02-12T09:19:03 IST" name="setup" finished-at="2026-02-12T09:19:03 IST" duration-ms="16" status="PASS">
          <reporter-output>
          </reporter-output>
        </test-method> <!-- setup -->
        <test-method is-config="true" signature="Browserlaunch()[pri:0, instance:com.newgen.testng.Annotations@327514f]" started-at="2026-02-12T09:19:03 IST" name="Browserlaunch" finished-at="2026-02-12T09:19:03 IST" duration-ms="5" status="PASS">
          <reporter-output>
          </reporter-output>
        </test-method> <!-- Browserlaunch -->
        <test-method is-config="true" signature="Applicationlaunch()[pri:0, instance:com.newgen.testng.Annotations@327514f]" started-at="2026-02-12T09:19:03 IST" name="Applicationlaunch" finished-at="2026-02-12T09:19:03 IST" duration-ms="0" status="PASS">
          <reporter-output>
          </reporter-output>
        </test-method> <!-- Applicationlaunch -->
        <test-method is-config="true" signature="beforeMethod()[pri:0, instance:com.newgen.testng.Annotations@327514f]" started-at="2026-02-12T09:19:03 IST" name="beforeMethod" finished-at="2026-02-12T09:19:03 IST" duration-ms="1" status="PASS">
          <reporter-output>
          </reporter-output>
        </test-method> <!-- beforeMethod -->
        <test-method signature="show()[pri:0, instance:com.newgen.testng.Annotations@327514f]" started-at="2026-02-12T09:19:03 IST" name="show" finished-at="2026-02-12T09:19:03 IST" duration-ms="18" status="PASS">
          <reporter-output>
          </reporter-output>
        </test-method> <!-- show -->
        <test-method is-config="true" signature="afterMethod()[pri:0, instance:com.newgen.testng.Annotations@327514f]" started-at="2026-02-12T09:19:03 IST" name="afterMethod" finished-at="2026-02-12T09:19:03 IST" duration-ms="1" status="PASS">
          <reporter-output>
          </reporter-output>
        </test-method> <!-- afterMethod -->
        <test-method is-config="true" signature="beforeMethod()[pri:0, instance:com.newgen.testng.Annotations@327514f]" started-at="2026-02-12T09:19:03 IST" name="beforeMethod" finished-at="2026-02-12T09:19:03 IST" duration-ms="0" status="PASS">
          <reporter-output>
          </reporter-output>
        </test-method> <!-- beforeMethod -->
        <test-method signature="test01(java.lang.Integer,java.lang.String)[pri:0, instance:com.newgen.testng.Annotations@327514f]" started-at="2026-02-12T09:19:03 IST" name="test01" data-provider="cat1" finished-at="2026-02-12T09:19:03 IST" duration-ms="7" status="PASS">
          <params>
            <param index="0">
              <value>
                <![CDATA[2]]>
              </value>
            </param>
            <param index="1">
              <value>
                <![CDATA[a]]>
              </value>
            </param>
          </params>
          <reporter-output>
          </reporter-output>
        </test-method> <!-- test01 -->
        <test-method is-config="true" signature="afterMethod()[pri:0, instance:com.newgen.testng.Annotations@327514f]" started-at="2026-02-12T09:19:03 IST" name="afterMethod" finished-at="2026-02-12T09:19:03 IST" duration-ms="0" status="PASS">
          <reporter-output>
          </reporter-output>
        </test-method> <!-- afterMethod -->
        <test-method signature="test01(java.lang.Integer,java.lang.String)[pri:0, instance:com.newgen.testng.Annotations@327514f]" started-at="2026-02-12T09:19:03 IST" name="test01" data-provider="cat1" finished-at="2026-02-12T09:19:03 IST" duration-ms="1" status="PASS">
          <params>
            <param index="0">
              <value>
                <![CDATA[5]]>
              </value>
            </param>
            <param index="1">
              <value>
                <![CDATA[c]]>
              </value>
            </param>
          </params>
          <reporter-output>
          </reporter-output>
        </test-method> <!-- test01 -->
        <test-method is-config="true" signature="beforeMethod()[pri:0, instance:com.newgen.testng.Annotations@327514f]" started-at="2026-02-12T09:19:03 IST" name="beforeMethod" finished-at="2026-02-12T09:19:03 IST" duration-ms="0" status="PASS">
          <reporter-output>
          </reporter-output>
        </test-method> <!-- beforeMethod -->
        <test-method is-config="true" signature="afterMethod()[pri:0, instance:com.newgen.testng.Annotations@327514f]" started-at="2026-02-12T09:19:03 IST" name="afterMethod" finished-at="2026-02-12T09:19:03 IST" duration-ms="1" status="PASS">
          <reporter-output>
          </reporter-output>
        </test-method> <!-- afterMethod -->
        <test-method is-config="true" signature="beforeMethod()[pri:0, instance:com.newgen.testng.Annotations@327514f]" started-at="2026-02-12T09:19:03 IST" name="beforeMethod" finished-at="2026-02-12T09:19:03 IST" duration-ms="1" status="PASS">
          <reporter-output>
          </reporter-output>
        </test-method> <!-- beforeMethod -->
        <test-method signature="write()[pri:0, instance:com.newgen.testng.Annotations@327514f]" started-at="2026-02-12T09:19:03 IST" name="write" finished-at="2026-02-12T09:19:03 IST" duration-ms="1" status="PASS">
          <reporter-output>
          </reporter-output>
        </test-method> <!-- write -->
        <test-method is-config="true" signature="afterMethod()[pri:0, instance:com.newgen.testng.Annotations@327514f]" started-at="2026-02-12T09:19:03 IST" name="afterMethod" finished-at="2026-02-12T09:19:03 IST" duration-ms="0" status="PASS">
          <reporter-output>
          </reporter-output>
        </test-method> <!-- afterMethod -->
        <test-method is-config="true" signature="ApplicationExit()[pri:0, instance:com.newgen.testng.Annotations@327514f]" started-at="2026-02-12T09:19:03 IST" name="ApplicationExit" finished-at="2026-02-12T09:19:03 IST" duration-ms="1" status="PASS">
          <reporter-output>
          </reporter-output>
        </test-method> <!-- ApplicationExit -->
        <test-method is-config="true" signature="BrowserClosed()[pri:0, instance:com.newgen.testng.Annotations@327514f]" started-at="2026-02-12T09:19:03 IST" name="BrowserClosed" finished-at="2026-02-12T09:19:03 IST" duration-ms="0" status="PASS">
          <reporter-output>
          </reporter-output>
        </test-method> <!-- BrowserClosed -->
        <test-method is-config="true" signature="setupClosed()[pri:0, instance:com.newgen.testng.Annotations@327514f]" started-at="2026-02-12T09:19:03 IST" name="setupClosed" finished-at="2026-02-12T09:19:03 IST" duration-ms="1" status="PASS">
          <reporter-output>
          </reporter-output>
        </test-method> <!-- setupClosed -->
      </class> <!-- com.newgen.testng.Annotations -->
    </test> <!-- Test3 -->
  </suite> <!-- Suite3 -->
</testng-results>
