<?xml version="1.0" encoding="UTF-8"?>
<!-- Generated by org.testng.reporters.JUnitXMLReporter -->
<testsuite ignored="0" hostname="SA-LT-H4TVL84" failures="0" tests="8" name="Test3" time="0.152" errors="0" timestamp="2026-02-12T09:19:03 IST">
  <testcase classname="com.newgen.testng.Annotations" name="show" time="0.018"/>
  <testcase classname="com.newgen.testng.Annotations" name="test01" time="0.007"/>
  <testcase classname="com.newgen.testng.Annotations" name="test01" time="0.001"/>
  <testcase classname="com.newgen.testng.Annotations" name="write" time="0.001"/>
  <testcase classname="com.newgen.testng.DataProviderAnnotation" name="Nisha" time="0.007"/>
  <testcase classname="com.newgen.testng.DataProviderAnnotation" name="Nisha" time="0.002"/>
  <testcase classname="com.newgen.testng.DataProviderAnnotation" name="Nisha" time="0.002"/>
  <testcase classname="com.newgen.testng.DataProviderAnnotation" name="Seema" time="0.002"/>
</testsuite> <!-- Test3 -->
