<?xml version="1.0" encoding="UTF-8"?>
<!-- Generated by org.testng.reporters.JUnitXMLReporter -->
<testsuite ignored="0" hostname="SA-LT-H4TVL84" failures="0" tests="4" name="Default test" time="0.096" errors="0" timestamp="2026-02-12T09:14:07 IST">
  <testcase classname="com.newgen.testng.DataProviderAnnotation" name="Nisha" time="0.013"/>
  <testcase classname="com.newgen.testng.DataProviderAnnotation" name="Nisha" time="0.001"/>
  <testcase classname="com.newgen.testng.DataProviderAnnotation" name="Nisha" time="0.001"/>
  <testcase classname="com.newgen.testng.DataProviderAnnotation" name="Seema" time="0.002"/>
</testsuite> <!-- Default test -->
