<?xml version="1.0" encoding="UTF-8"?>
<!-- Generated by org.testng.reporters.JUnitXMLReporter -->
<testsuite ignored="0" hostname="SA-LT-H4TVL84" failures="1" tests="8" name="Test" time="0.138" errors="0" timestamp="2026-02-12T08:51:27 IST">
  <testcase classname="com.newgen.testng.DataProviderAnnotation" name="test01" time="0.01"/>
  <testcase classname="com.newgen.testng.DataProviderAnnotation" name="test01" time="0.002"/>
  <testcase classname="com.newgen.testng.DataProviderAnnotation" name="test01" time="0.004"/>
  <testcase classname="com.newgen.testng.DataProviderAnnotation" name="test02" time="0.006"/>
  <testcase classname="com.newgen.testng.Annotations" name="test01" time="0.004"/>
  <testcase classname="com.newgen.testng.Annotations" name="test01" time="0.0"/>
  <testcase classname="com.newgen.testng.Annotations" name="write" time="0.008">
    <failure type="java.lang.AssertionError" message="The following asserts failed:
	expected [true] but found [false]">
      <![CDATA[java.lang.AssertionError: The following asserts failed:
expected [true] but found [false]
at com.newgen.testng.Annotations.write(Annotations.java:65)
at java.base/java.util.ArrayList.forEach(ArrayList.java:1596)
... Removed 27 stack frames]]>
    </failure>
  </testcase> <!-- write -->
  <testcase classname="com.newgen.testng.Annotations" name="show" time="0.0">
    <skipped/>
  </testcase> <!-- show -->
</testsuite> <!-- Test -->
