<?xml version="1.0" encoding="UTF-8"?>
<!-- Generated by org.testng.reporters.JUnitXMLReporter -->
<testsuite ignored="0" hostname="SA-LT-H4TVL84" failures="0" tests="8" name="Test2" time="0.123" errors="0" timestamp="2026-02-12T09:14:39 IST">
  <testcase classname="com.newgen.testng.DataProviderAnnotation" name="Nisha" time="0.019"/>
  <testcase classname="com.newgen.testng.DataProviderAnnotation" name="Nisha" time="0.001"/>
  <testcase classname="com.newgen.testng.DataProviderAnnotation" name="Nisha" time="0.005"/>
  <testcase classname="com.newgen.testng.DataProviderAnnotation" name="Seema" time="0.001"/>
  <testcase classname="com.newgen.testng.Annotations" name="show" time="0.001"/>
  <testcase classname="com.newgen.testng.Annotations" name="test01" time="0.003"/>
  <testcase classname="com.newgen.testng.Annotations" name="test01" time="0.001"/>
  <testcase classname="com.newgen.testng.Annotations" name="write" time="0.001"/>
</testsuite> <!-- Test2 -->
